<?xml version="1.0" encoding="utf-8"?><testsuites name="pytest tests"><testsuite name="pytest" errors="0" failures="0" skipped="0" tests="28" time="70.754" timestamp="2026-06-16T09:43:39.888848+00:00" hostname="agent-env-92fcad47-f6b3-490f-aa7c-49e407cb1508"><testcase classname="backend.tests.test_inkdrop_backend" name="test_health" time="0.247" /><testcase classname="backend.tests.test_inkdrop_backend" name="test_daily_prompt_no_auth" time="0.128" /><testcase classname="backend.tests.test_inkdrop_backend" name="test_signup" time="0.372" /><testcase classname="backend.tests.test_inkdrop_backend" name="test_login_wrong_password" time="0.316" /><testcase classname="backend.tests.test_inkdrop_backend" name="test_login_ok" time="0.337" /><testcase classname="backend.tests.test_inkdrop_backend" name="test_me_with_token" time="0.088" /><testcase classname="backend.tests.test_inkdrop_backend" name="test_me_no_token" time="0.093" /><testcase classname="backend.tests.test_inkdrop_backend" name="test_protected_endpoints_require_auth" time="0.298" /><testcase classname="backend.tests.test_inkdrop_backend" name="test_story_generate" time="12.589" /><testcase classname="backend.tests.test_inkdrop_backend" name="test_story_continue_with_directive" time="13.077" /><testcase classname="backend.tests.test_inkdrop_backend" name="test_library" time="0.128" /><testcase classname="backend.tests.test_inkdrop_backend" name="test_story_get_owner" time="0.188" /><testcase classname="backend.tests.test_inkdrop_backend" name="test_story_get_other_user_private_404" time="0.423" /><testcase classname="backend.tests.test_inkdrop_backend" name="test_share_and_community_feed" time="0.200" /><testcase classname="backend.tests.test_inkdrop_backend" name="test_export_md" time="0.097" /><testcase classname="backend.tests.test_inkdrop_backend" name="test_characters_crud" time="0.293" /><testcase classname="backend.tests.test_inkdrop_backend" name="test_voice_requires_auth" time="0.094" /><testcase classname="backend.tests.test_inkdrop_backend" name="test_story_generate_stream_sse" time="14.559" /><testcase classname="backend.tests.test_inkdrop_backend" name="test_story_continue_stream_sse" time="12.509" /><testcase classname="backend.tests.test_inkdrop_backend" name="test_cover_endpoint_returns_only_cover_fields" time="0.214" /><testcase classname="backend.tests.test_inkdrop_backend" name="test_cover_generates_within_timeout" time="0.227" /><testcase classname="backend.tests.test_inkdrop_backend" name="test_library_excludes_cover_b64_includes_has_cover" time="0.093" /><testcase classname="backend.tests.test_inkdrop_backend" name="test_community_feed_excludes_cover_b64_includes_has_cover" time="0.226" /><testcase classname="backend.tests.test_inkdrop_backend" name="test_chunk_edit_persists_and_adds_edited_at" time="0.398" /><testcase classname="backend.tests.test_inkdrop_backend" name="test_chunk_edit_invalid_index_returns_400" time="0.197" /><testcase classname="backend.tests.test_inkdrop_backend" name="test_chunk_edit_non_owner_returns_404" time="0.100" /><testcase classname="backend.tests.test_inkdrop_backend" name="test_cover_regenerate_resets_to_pending_then_ready" time="12.860" /><testcase classname="backend.tests.test_inkdrop_backend" name="test_story_delete" time="0.299" /></testsuite></testsuites>