<?xml version="1.0" encoding="utf-8"?><testsuites name="pytest tests"><testsuite name="pytest" errors="0" failures="0" skipped="0" tests="18" time="30.364" timestamp="2026-06-11T08:09:28.014916+00:00" hostname="agent-env-92fcad47-f6b3-490f-aa7c-49e407cb1508"><testcase classname="backend.tests.test_inkdrop_backend" name="test_health" time="0.121" /><testcase classname="backend.tests.test_inkdrop_backend" name="test_daily_prompt_no_auth" time="0.126" /><testcase classname="backend.tests.test_inkdrop_backend" name="test_signup" time="0.366" /><testcase classname="backend.tests.test_inkdrop_backend" name="test_login_wrong_password" time="0.319" /><testcase classname="backend.tests.test_inkdrop_backend" name="test_login_ok" time="0.326" /><testcase classname="backend.tests.test_inkdrop_backend" name="test_me_with_token" time="0.098" /><testcase classname="backend.tests.test_inkdrop_backend" name="test_me_no_token" time="0.112" /><testcase classname="backend.tests.test_inkdrop_backend" name="test_protected_endpoints_require_auth" time="0.303" /><testcase classname="backend.tests.test_inkdrop_backend" name="test_story_generate" time="14.340" /><testcase classname="backend.tests.test_inkdrop_backend" name="test_story_continue_with_directive" time="12.570" /><testcase classname="backend.tests.test_inkdrop_backend" name="test_library" time="0.116" /><testcase classname="backend.tests.test_inkdrop_backend" name="test_story_get_owner" time="0.104" /><testcase classname="backend.tests.test_inkdrop_backend" name="test_story_get_other_user_private_404" time="0.441" /><testcase classname="backend.tests.test_inkdrop_backend" name="test_share_and_community_feed" time="0.202" /><testcase classname="backend.tests.test_inkdrop_backend" name="test_export_md" time="0.101" /><testcase classname="backend.tests.test_inkdrop_backend" name="test_characters_crud" time="0.293" /><testcase classname="backend.tests.test_inkdrop_backend" name="test_voice_requires_auth" time="0.124" /><testcase classname="backend.tests.test_inkdrop_backend" name="test_story_delete" time="0.215" /></testsuite></testsuites>